{
"contracts\\NftMarketplace.sol":{"l":{"55":0,"56":0,"57":0,"59":0,"64":0,"65":0,"66":0,"67":0,"69":0,"73":0,"74":0,"75":0,"77":0,"94":0,"96":0,"98":0,"99":0,"101":0,"103":0,"104":0,"111":0,"112":0,"113":0,"119":0,"120":0,"121":0,"122":0,"131":0,"132":0,"136":0,"137":0,"141":0,"142":0,"143":0,"145":0,"146":0,"147":0,"148":0,"154":0,"157":0},"path":"C:\\Users\\zxcpr\\hardhat-nft-marketplace-fcc\\contracts\\NftMarketplace.sol","s":{"1":0,"2":0,"3":0,"4":0,"5":0,"6":0,"7":0,"8":0,"9":0,"10":0,"11":0,"12":0,"13":0,"14":0,"15":0,"16":0,"17":0,"18":0,"19":0,"20":0,"21":0,"22":0,"23":0,"24":0,"25":0,"26":0,"27":0},"b":{"1":[0,0],"2":[0,0],"3":[0,0],"4":[0,0],"5":[0,0],"6":[0,0],"7":[0,0],"8":[0,0]},"f":{"1":0,"2":0,"3":0,"4":0,"5":0,"6":0,"7":0,"8":0,"9":0,"10":0},"fnMap":{"1":{"name":"notListed","line":54,"loc":{"start":{"line":54,"column":4},"end":{"line":60,"column":4}}},"2":{"name":"isOwner","line":62,"loc":{"start":{"line":62,"column":4},"end":{"line":70,"column":4}}},"3":{"name":"isListed","line":72,"loc":{"start":{"line":72,"column":4},"end":{"line":78,"column":4}}},"4":{"name":"listItem","line":92,"loc":{"start":{"line":90,"column":4},"end":{"line":105,"column":4}}},"5":{"name":"buyItem","line":109,"loc":{"start":{"line":107,"column":4},"end":{"line":124,"column":4}}},"6":{"name":"cancelListing","line":129,"loc":{"start":{"line":126,"column":4},"end":{"line":133,"column":4}}},"7":{"name":"updateListing","line":135,"loc":{"start":{"line":134,"column":4},"end":{"line":138,"column":4}}},"8":{"name":"withdrawProceeds","line":140,"loc":{"start":{"line":140,"column":4},"end":{"line":150,"column":4}}},"9":{"name":"getListing","line":153,"loc":{"start":{"line":153,"column":4},"end":{"line":155,"column":4}}},"10":{"name":"getProceeds","line":156,"loc":{"start":{"line":156,"column":4},"end":{"line":158,"column":4}}}},"statementMap":{"1":{"start":{"line":55,"column":8},"end":{"line":55,"column":64}},"2":{"start":{"line":56,"column":8},"end":{"line":56,"column":1628}},"3":{"start":{"line":64,"column":8},"end":{"line":64,"column":41}},"4":{"start":{"line":65,"column":8},"end":{"line":65,"column":44}},"5":{"start":{"line":66,"column":8},"end":{"line":66,"column":1938}},"6":{"start":{"line":73,"column":8},"end":{"line":73,"column":64}},"7":{"start":{"line":74,"column":8},"end":{"line":74,"column":2178}},"8":{"start":{"line":94,"column":8},"end":{"line":94,"column":2737}},"9":{"start":{"line":98,"column":8},"end":{"line":98,"column":41}},"10":{"start":{"line":99,"column":8},"end":{"line":99,"column":2888}},"11":{"start":{"line":103,"column":8},"end":{"line":103,"column":67}},"12":{"start":{"line":104,"column":8},"end":{"line":104,"column":63}},"13":{"start":{"line":111,"column":12},"end":{"line":111,"column":71}},"14":{"start":{"line":112,"column":12},"end":{"line":112,"column":3407}},"15":{"start":{"line":119,"column":8},"end":{"line":119,"column":80}},"16":{"start":{"line":121,"column":8},"end":{"line":121,"column":83}},"17":{"start":{"line":122,"column":8},"end":{"line":122,"column":74}},"18":{"start":{"line":132,"column":8},"end":{"line":132,"column":58}},"19":{"start":{"line":136,"column":8},"end":{"line":136,"column":55}},"20":{"start":{"line":137,"column":8},"end":{"line":137,"column":66}},"21":{"start":{"line":141,"column":8},"end":{"line":141,"column":49}},"22":{"start":{"line":142,"column":8},"end":{"line":142,"column":4684}},"23":{"start":{"line":145,"column":8},"end":{"line":145,"column":33}},"24":{"start":{"line":146,"column":8},"end":{"line":146,"column":72}},"25":{"start":{"line":147,"column":8},"end":{"line":147,"column":4886}},"26":{"start":{"line":154,"column":4},"end":{"line":154,"column":42}},"27":{"start":{"line":157,"column":8},"end":{"line":157,"column":33}}},"branchMap":{"1":{"line":56,"type":"if","locations":[{"start":{"line":56,"column":8},"end":{"line":56,"column":8}},{"start":{"line":56,"column":8},"end":{"line":56,"column":8}}]},"2":{"line":66,"type":"if","locations":[{"start":{"line":66,"column":8},"end":{"line":66,"column":8}},{"start":{"line":66,"column":8},"end":{"line":66,"column":8}}]},"3":{"line":74,"type":"if","locations":[{"start":{"line":74,"column":8},"end":{"line":74,"column":8}},{"start":{"line":74,"column":8},"end":{"line":74,"column":8}}]},"4":{"line":94,"type":"if","locations":[{"start":{"line":94,"column":8},"end":{"line":94,"column":8}},{"start":{"line":94,"column":8},"end":{"line":94,"column":8}}]},"5":{"line":99,"type":"if","locations":[{"start":{"line":99,"column":8},"end":{"line":99,"column":8}},{"start":{"line":99,"column":8},"end":{"line":99,"column":8}}]},"6":{"line":112,"type":"if","locations":[{"start":{"line":112,"column":12},"end":{"line":112,"column":12}},{"start":{"line":112,"column":12},"end":{"line":112,"column":12}}]},"7":{"line":142,"type":"if","locations":[{"start":{"line":142,"column":8},"end":{"line":142,"column":8}},{"start":{"line":142,"column":8},"end":{"line":142,"column":8}}]},"8":{"line":147,"type":"if","locations":[{"start":{"line":147,"column":8},"end":{"line":147,"column":8}},{"start":{"line":147,"column":8},"end":{"line":147,"column":8}}]}}},
"contracts\\test\\BasicNft.sol":{"l":{"14":0,"18":0,"19":0,"20":0,"24":0,"25":0,"29":0},"path":"C:\\Users\\zxcpr\\hardhat-nft-marketplace-fcc\\contracts\\test\\BasicNft.sol","s":{"1":0,"2":0,"3":0,"4":0,"5":0,"6":0,"7":0},"b":{"1":[0,0]},"f":{"1":0,"2":0,"3":0,"4":0},"fnMap":{"1":{"name":"constructor","line":13,"loc":{"start":{"line":13,"column":4},"end":{"line":15,"column":4}}},"2":{"name":"mintNft","line":17,"loc":{"start":{"line":17,"column":4},"end":{"line":21,"column":4}}},"3":{"name":"tokenURI","line":23,"loc":{"start":{"line":23,"column":4},"end":{"line":26,"column":4}}},"4":{"name":"getTokenCounter","line":28,"loc":{"start":{"line":28,"column":4},"end":{"line":30,"column":4}}}},"statementMap":{"1":{"start":{"line":14,"column":8},"end":{"line":14,"column":25}},"2":{"start":{"line":18,"column":8},"end":{"line":18,"column":44}},"3":{"start":{"line":19,"column":8},"end":{"line":19,"column":38}},"4":{"start":{"line":20,"column":8},"end":{"line":20,"column":42}},"5":{"start":{"line":24,"column":8},"end":{"line":24,"column":83}},"6":{"start":{"line":25,"column":8},"end":{"line":25,"column":24}},"7":{"start":{"line":29,"column":8},"end":{"line":29,"column":29}}},"branchMap":{"1":{"line":24,"type":"if","locations":[{"start":{"line":24,"column":8},"end":{"line":24,"column":8}},{"start":{"line":24,"column":8},"end":{"line":24,"column":8}}]}}}}
